[debug] ----------------------------------------------------------------------
[debug] Command:      c:\PROGRA~1\nodejs\node.exe C:\Users\William\AppData\Roaming\npm\node_modules\firebase-tools\bin\firebase deploy
[debug] CLI Version:  3.9.0
[debug] Platform:     win32
[debug] Node Version: v7.9.0
[debug] Time:         Thu Jun 01 2017 18:10:37 GMT-0500 (Central Daylight Time)
[debug] ----------------------------------------------------------------------
[debug] 
[debug] > command requires scopes: ["email","openid","https://www.googleapis.com/auth/cloudplatformprojects.readonly","https://www.googleapis.com/auth/firebase","https://www.googleapis.com/auth/cloud-platform"]
[debug] >>> HTTP REQUEST GET https://admin.firebase.com/v1/projects/nuvention-final-17  
 Thu Jun 01 2017 18:10:37 GMT-0500 (Central Daylight Time)
[debug] <<< HTTP RESPONSE 200
[debug] >>> HTTP REQUEST GET https://admin.firebase.com/v1/database/nuvention-final-17/tokens  
 Thu Jun 01 2017 18:10:38 GMT-0500 (Central Daylight Time)
[debug] <<< HTTP RESPONSE 200
[info] 
[info] === Deploying to 'nuvention-final-17'...
[info] 
[info] i  deploying database, functions, hosting
[info] +  database: rules ready to deploy.
[debug] > [functions] package.json contents: {
  "name": "functions",
  "description": "Cloud Functions for Firebase",
  "dependencies": {
    "firebase-admin": "~4.2.1",
    "firebase-functions": "^0.5.7"
  },
  "private": true
}
[info] i  functions: ensuring necessary APIs are enabled...
[info] i  runtimeconfig: ensuring necessary APIs are enabled...
[debug] >>> HTTP REQUEST GET https://servicemanagement.googleapis.com/v1/services/cloudfunctions.googleapis.com/projectSettings/nuvention-final-17?view=CONSUMER_VIEW  
 Thu Jun 01 2017 18:10:38 GMT-0500 (Central Daylight Time)
[debug] >>> HTTP REQUEST GET https://servicemanagement.googleapis.com/v1/services/runtimeconfig.googleapis.com/projectSettings/nuvention-final-17?view=CONSUMER_VIEW  
 Thu Jun 01 2017 18:10:38 GMT-0500 (Central Daylight Time)
[debug] <<< HTTP RESPONSE 200
[info] +  runtimeconfig: all necessary APIs are enabled
[debug] <<< HTTP RESPONSE 200
[info] +  functions: all necessary APIs are enabled
[debug] >>> HTTP REQUEST GET https://appengine.googleapis.com/v1/apps/nuvention-final-17  
 Thu Jun 01 2017 18:10:39 GMT-0500 (Central Daylight Time)
[debug] >>> HTTP REQUEST GET https://apikeys.googleapis.com/v1/projects/nuvention-final-17/apiKeys  
 Thu Jun 01 2017 18:10:39 GMT-0500 (Central Daylight Time)
